d:\24cu0102\ゲームプログラミング\2年\開発環境\実習用フレームワーク_20250514_3d化後\framework\bin\x64\debug\framework.pdb
d:\24cu0102\ゲームプログラミング\2年\開発環境\実習用フレームワーク_20250514_3d化後\framework\bin\x64\debug\framework.idb
d:\24cu0102\ゲームプログラミング\2年\開発環境\実習用フレームワーク_20250514_3d化後\framework\build\x64\debug\keyvaluefile.obj
d:\24cu0102\ゲームプログラミング\2年\開発環境\実習用フレームワーク_20250514_3d化後\framework\build\x64\debug\csvfile.obj
d:\24cu0102\ゲームプログラミング\2年\開発環境\実習用フレームワーク_20250514_3d化後\framework\build\x64\debug\debuglog.obj
d:\24cu0102\ゲームプログラミング\2年\開発環境\実習用フレームワーク_20250514_3d化後\framework\build\x64\debug\keyvaluedata.obj
d:\24cu0102\ゲームプログラミング\2年\開発環境\実習用フレームワーク_20250514_3d化後\framework\build\x64\debug\datautil.obj
d:\24cu0102\ゲームプログラミング\2年\開発環境\実習用フレームワーク_20250514_3d化後\framework\build\x64\debug\csvdata.obj
d:\24cu0102\ゲームプログラミング\2年\開発環境\実習用フレームワーク_20250514_3d化後\framework\build\x64\debug\collisionshape.obj
d:\24cu0102\ゲームプログラミング\2年\開発環境\実習用フレームワーク_20250514_3d化後\framework\build\x64\debug\collisionmanager.obj
d:\24cu0102\ゲームプログラミング\2年\開発環境\実習用フレームワーク_20250514_3d化後\framework\build\x64\debug\collider.obj
d:\24cu0102\ゲームプログラミング\2年\開発環境\実習用フレームワーク_20250514_3d化後\framework\build\x64\debug\wavesound.obj
d:\24cu0102\ゲームプログラミング\2年\開発環境\実習用フレームワーク_20250514_3d化後\framework\build\x64\debug\soundsource.obj
d:\24cu0102\ゲームプログラミング\2年\開発環境\実習用フレームワーク_20250514_3d化後\framework\build\x64\debug\mp3sound.obj
d:\24cu0102\ゲームプログラミング\2年\開発環境\実習用フレームワーク_20250514_3d化後\framework\build\x64\debug\assetwave.obj
d:\24cu0102\ゲームプログラミング\2年\開発環境\実習用フレームワーク_20250514_3d化後\framework\build\x64\debug\assettexture.obj
d:\24cu0102\ゲームプログラミング\2年\開発環境\実習用フレームワーク_20250514_3d化後\framework\build\x64\debug\assettext.obj
d:\24cu0102\ゲームプログラミング\2年\開発環境\実習用フレームワーク_20250514_3d化後\framework\build\x64\debug\assetmp3.obj
d:\24cu0102\ゲームプログラミング\2年\開発環境\実習用フレームワーク_20250514_3d化後\framework\build\x64\debug\assetmodel.obj
d:\24cu0102\ゲームプログラミング\2年\開発環境\実習用フレームワーク_20250514_3d化後\framework\build\x64\debug\assetmanager.obj
d:\24cu0102\ゲームプログラミング\2年\開発環境\実習用フレームワーク_20250514_3d化後\framework\build\x64\debug\asset.obj
d:\24cu0102\ゲームプログラミング\2年\開発環境\実習用フレームワーク_20250514_3d化後\framework\build\x64\debug\animation.obj
d:\24cu0102\ゲームプログラミング\2年\開発環境\実習用フレームワーク_20250514_3d化後\framework\build\x64\debug\depthtarget.obj
d:\24cu0102\ゲームプログラミング\2年\開発環境\実習用フレームワーク_20250514_3d化後\framework\build\x64\debug\constantbuffer.obj
d:\24cu0102\ゲームプログラミング\2年\開発環境\実習用フレームワーク_20250514_3d化後\framework\build\x64\debug\commandqueue.obj
d:\24cu0102\ゲームプログラミング\2年\開発環境\実習用フレームワーク_20250514_3d化後\framework\build\x64\debug\commandlist.obj
d:\24cu0102\ゲームプログラミング\2年\開発環境\実習用フレームワーク_20250514_3d化後\framework\build\x64\debug\sourcevoice.obj
d:\24cu0102\ゲームプログラミング\2年\開発環境\実習用フレームワーク_20250514_3d化後\framework\build\x64\debug\audio.obj
d:\24cu0102\ゲームプログラミング\2年\開発環境\実習用フレームワーク_20250514_3d化後\framework\build\x64\debug\time.obj
d:\24cu0102\ゲームプログラミング\2年\開発環境\実習用フレームワーク_20250514_3d化後\framework\build\x64\debug\fpsmeasure.obj
d:\24cu0102\ゲームプログラミング\2年\開発環境\実習用フレームワーク_20250514_3d化後\framework\build\x64\debug\shape.obj
d:\24cu0102\ゲームプログラミング\2年\開発環境\実習用フレームワーク_20250514_3d化後\framework\build\x64\debug\texture.obj
d:\24cu0102\ゲームプログラミング\2年\開発環境\実習用フレームワーク_20250514_3d化後\framework\build\x64\debug\spritefont.obj
d:\24cu0102\ゲームプログラミング\2年\開発環境\実習用フレームワーク_20250514_3d化後\framework\build\x64\debug\sprite.obj
d:\24cu0102\ゲームプログラミング\2年\開発環境\実習用フレームワーク_20250514_3d化後\framework\build\x64\debug\renderobject.obj
d:\24cu0102\ゲームプログラミング\2年\開発環境\実習用フレームワーク_20250514_3d化後\framework\build\x64\debug\rendermanager.obj
d:\24cu0102\ゲームプログラミング\2年\開発環境\実習用フレームワーク_20250514_3d化後\framework\build\x64\debug\linesegments.obj
d:\24cu0102\ゲームプログラミング\2年\開発環境\実習用フレームワーク_20250514_3d化後\framework\build\x64\debug\idrawable.obj
d:\24cu0102\ゲームプログラミング\2年\開発環境\実習用フレームワーク_20250514_3d化後\framework\build\x64\debug\font.obj
d:\24cu0102\ゲームプログラミング\2年\開発環境\実習用フレームワーク_20250514_3d化後\framework\build\x64\debug\camera.obj
d:\24cu0102\ゲームプログラミング\2年\開発環境\実習用フレームワーク_20250514_3d化後\framework\build\x64\debug\framework.obj
d:\24cu0102\ゲームプログラミング\2年\開発環境\実習用フレームワーク_20250514_3d化後\framework\build\x64\debug\textfile.obj
d:\24cu0102\ゲームプログラミング\2年\開発環境\実習用フレームワーク_20250514_3d化後\framework\build\x64\debug\stringutil.obj
d:\24cu0102\ゲームプログラミング\2年\開発環境\実習用フレームワーク_20250514_3d化後\framework\build\x64\debug\log.obj
d:\24cu0102\ゲームプログラミング\2年\開発環境\実習用フレームワーク_20250514_3d化後\framework\build\x64\debug\fileutil.obj
d:\24cu0102\ゲームプログラミング\2年\開発環境\実習用フレームワーク_20250514_3d化後\framework\build\x64\debug\window.obj
d:\24cu0102\ゲームプログラミング\2年\開発環境\実習用フレームワーク_20250514_3d化後\framework\build\x64\debug\input.obj
d:\24cu0102\ゲームプログラミング\2年\開発環境\実習用フレームワーク_20250514_3d化後\framework\build\x64\debug\gamepad.obj
d:\24cu0102\ゲームプログラミング\2年\開発環境\実習用フレームワーク_20250514_3d化後\framework\build\x64\debug\vector.obj
d:\24cu0102\ゲームプログラミング\2年\開発環境\実習用フレームワーク_20250514_3d化後\framework\build\x64\debug\vertexbuffer.obj
d:\24cu0102\ゲームプログラミング\2年\開発環境\実習用フレームワーク_20250514_3d化後\framework\build\x64\debug\texturesrv.obj
d:\24cu0102\ゲームプログラミング\2年\開発環境\実習用フレームワーク_20250514_3d化後\framework\build\x64\debug\rootsignature.obj
d:\24cu0102\ゲームプログラミング\2年\開発環境\実習用フレームワーク_20250514_3d化後\framework\build\x64\debug\resshader.obj
d:\24cu0102\ゲームプログラミング\2年\開発環境\実習用フレームワーク_20250514_3d化後\framework\build\x64\debug\resmesh.obj
d:\24cu0102\ゲームプログラミング\2年\開発環境\実習用フレームワーク_20250514_3d化後\framework\build\x64\debug\rendertarget.obj
d:\24cu0102\ゲームプログラミング\2年\開発環境\実習用フレームワーク_20250514_3d化後\framework\build\x64\debug\pipelinestate.obj
d:\24cu0102\ゲームプログラミング\2年\開発環境\実習用フレームワーク_20250514_3d化後\framework\build\x64\debug\meshib.obj
d:\24cu0102\ゲームプログラミング\2年\開発環境\実習用フレームワーク_20250514_3d化後\framework\build\x64\debug\material.obj
d:\24cu0102\ゲームプログラミング\2年\開発環境\実習用フレームワーク_20250514_3d化後\framework\build\x64\debug\indexbuffer.obj
d:\24cu0102\ゲームプログラミング\2年\開発環境\実習用フレームワーク_20250514_3d化後\framework\build\x64\debug\graphics.obj
d:\24cu0102\ゲームプログラミング\2年\開発環境\実習用フレームワーク_20250514_3d化後\framework\build\x64\debug\fence.obj
d:\24cu0102\ゲームプログラミング\2年\開発環境\実習用フレームワーク_20250514_3d化後\framework\build\x64\debug\descriptorheap.obj
d:\24cu0102\ゲームプログラミング\2年\開発環境\実習用フレームワーク_20250514_3d化後\framework\bin\x64\debug\ps_notex_nolit.cso
d:\24cu0102\ゲームプログラミング\2年\開発環境\実習用フレームワーク_20250514_3d化後\framework\bin\x64\debug\ps_tex_nolit.cso
d:\24cu0102\ゲームプログラミング\2年\開発環境\実習用フレームワーク_20250514_3d化後\framework\bin\x64\debug\vs_default.cso
d:\24cu0102\ゲームプログラミング\2年\開発環境\実習用フレームワーク_20250514_3d化後\framework\bin\x64\debug\framework.lib
d:\24cu0102\ゲームプログラミング\2年\開発環境\実習用フレームワーク_20250514_3d化後\framework\build\x64\debug\framework.tlog\cl.command.1.tlog
d:\24cu0102\ゲームプログラミング\2年\開発環境\実習用フレームワーク_20250514_3d化後\framework\build\x64\debug\framework.tlog\cl.items.tlog
d:\24cu0102\ゲームプログラミング\2年\開発環境\実習用フレームワーク_20250514_3d化後\framework\build\x64\debug\framework.tlog\cl.read.1.tlog
d:\24cu0102\ゲームプログラミング\2年\開発環境\実習用フレームワーク_20250514_3d化後\framework\build\x64\debug\framework.tlog\cl.write.1.tlog
d:\24cu0102\ゲームプログラミング\2年\開発環境\実習用フレームワーク_20250514_3d化後\framework\build\x64\debug\framework.tlog\fxc.command.1.tlog
d:\24cu0102\ゲームプログラミング\2年\開発環境\実習用フレームワーク_20250514_3d化後\framework\build\x64\debug\framework.tlog\fxc.read.1.tlog
d:\24cu0102\ゲームプログラミング\2年\開発環境\実習用フレームワーク_20250514_3d化後\framework\build\x64\debug\framework.tlog\fxc.write.1.tlog
d:\24cu0102\ゲームプログラミング\2年\開発環境\実習用フレームワーク_20250514_3d化後\framework\build\x64\debug\framework.tlog\lib-link.read.1.tlog
d:\24cu0102\ゲームプログラミング\2年\開発環境\実習用フレームワーク_20250514_3d化後\framework\build\x64\debug\framework.tlog\lib-link.write.1.tlog
d:\24cu0102\ゲームプログラミング\2年\開発環境\実習用フレームワーク_20250514_3d化後\framework\build\x64\debug\framework.tlog\lib.command.1.tlog
